<?xml version="1.0" encoding="UTF-8"?>
<testsuite xmlns:xsi="http://www.w3.org/2001/XMLSchema-instance" xsi:noNamespaceSchemaLocation="https://maven.apache.org/surefire/maven-surefire-plugin/xsd/surefire-test-report-3.0.xsd" version="3.0" name="com.aman.socialMedia.SocialMediaApplicationTests" time="21.7" tests="1" errors="0" skipped="0" failures="0">
  <properties>
[...]
</properties>
  <testcase name="contextLoads" classname="com.aman.socialMedia.SocialMediaApplicationTests" time="1.6">
    <system-out><![CDATA[23:03:26.487 [main] INFO org.springframework.test.context.support.AnnotationConfigContextLoaderUtils -- Could not detect default configuration classes for test class [com.aman.socialMedia.SocialMediaApplicationTests]: SocialMediaApplicationTests does not declare any static, non-private, non-final, nested classes annotated with @Configuration.
23:03:26.717 [main] INFO org.springframework.boot.test.context.SpringBootTestContextBootstrapper -- Found @SpringBootConfiguration com.aman.socialMedia.SocialMediaApplication for test class com.aman.socialMedia.SocialMediaApplicationTests

  .   ____          _            __ _ _
 /\\ / ___'_ __ _ _(_)_ __  __ _ \ \ \ \
( ( )\___ | '_ | '_| | '_ \/ _` | \ \ \ \
 \\/  ___)| |_)| | | | | || (_| |  ) ) ) )
  '  |____| .__|_| |_|_| |_\__, | / / / /
 =========|_|==============|___/=/_/_/_/
 :: Spring Boot ::                (v3.2.4)

2024-07-18T23:03:27.513+05:30  INFO 7844 --- [socialMedia] [           main] c.a.s.SocialMediaApplicationTests        : Starting SocialMediaApplicationTests using Java 17.0.10 with PID 7844 (started by Ralex in C:\Users\Ralex\Desktop\socioGram)
2024-07-18T23:03:27.516+05:30  INFO 7844 --- [socialMedia] [           main] c.a.s.SocialMediaApplicationTests        : No active profile set, falling back to 1 default profile: "default"
2024-07-18T23:03:28.695+05:30  INFO 7844 --- [socialMedia] [           main] .s.d.r.c.RepositoryConfigurationDelegate : Bootstrapping Spring Data JPA repositories in DEFAULT mode.
2024-07-18T23:03:28.805+05:30  INFO 7844 --- [socialMedia] [           main] .s.d.r.c.RepositoryConfigurationDelegate : Finished Spring Data repository scanning in 97 ms. Found 4 JPA repository interfaces.
2024-07-18T23:03:29.601+05:30  INFO 7844 --- [socialMedia] [           main] o.hibernate.jpa.internal.util.LogHelper  : HHH000204: Processing PersistenceUnitInfo [name: default]
2024-07-18T23:03:29.719+05:30  INFO 7844 --- [socialMedia] [           main] org.hibernate.Version                    : HHH000412: Hibernate ORM core version 6.4.4.Final
2024-07-18T23:03:29.782+05:30  INFO 7844 --- [socialMedia] [           main] o.h.c.internal.RegionFactoryInitiator    : HHH000026: Second-level cache disabled
2024-07-18T23:03:30.311+05:30  INFO 7844 --- [socialMedia] [           main] o.s.o.j.p.SpringPersistenceUnitInfo      : No LoadTimeWeaver setup: ignoring JPA class transformer
2024-07-18T23:03:30.362+05:30  INFO 7844 --- [socialMedia] [           main] com.zaxxer.hikari.HikariDataSource       : HikariPool-1 - Starting...
2024-07-18T23:03:33.159+05:30  INFO 7844 --- [socialMedia] [           main] com.zaxxer.hikari.pool.HikariPool        : HikariPool-1 - Added connection com.mysql.cj.jdbc.ConnectionImpl@1a7e799e
2024-07-18T23:03:33.209+05:30  INFO 7844 --- [socialMedia] [           main] com.zaxxer.hikari.HikariDataSource       : HikariPool-1 - Start completed.
2024-07-18T23:03:33.591+05:30  WARN 7844 --- [socialMedia] [           main] org.hibernate.orm.deprecation            : HHH90000025: MySQL8Dialect does not need to be specified explicitly using 'hibernate.dialect' (remove the property setting and it will be selected by default)
2024-07-18T23:03:33.594+05:30  WARN 7844 --- [socialMedia] [           main] org.hibernate.orm.deprecation            : HHH90000026: MySQL8Dialect has been deprecated; use org.hibernate.dialect.MySQLDialect instead
2024-07-18T23:03:35.684+05:30  INFO 7844 --- [socialMedia] [           main] o.h.e.t.j.p.i.JtaPlatformInitiator       : HHH000489: No JTA platform available (set 'hibernate.transaction.jta.platform' to enable JTA platform integration)
2024-07-18T23:03:38.877+05:30  INFO 7844 --- [socialMedia] [           main] j.LocalContainerEntityManagerFactoryBean : Initialized JPA EntityManagerFactory for persistence unit 'default'
2024-07-18T23:03:39.760+05:30  INFO 7844 --- [socialMedia] [           main] o.s.d.j.r.query.QueryEnhancerFactory     : Hibernate is in classpath; If applicable, HQL parser will be used.
2024-07-18T23:03:40.345+05:30  WARN 7844 --- [socialMedia] [           main] JpaBaseConfiguration$JpaWebConfiguration : spring.jpa.open-in-view is enabled by default. Therefore, database queries may be performed during view rendering. Explicitly configure spring.jpa.open-in-view to disable this warning
2024-07-18T23:03:40.779+05:30  INFO 7844 --- [socialMedia] [           main] o.s.s.web.DefaultSecurityFilterChain     : Will secure any request with [org.springframework.security.web.session.DisableEncodeUrlFilter@3e03d75e, org.springframework.security.web.context.request.async.WebAsyncManagerIntegrationFilter@109db924, org.springframework.security.web.context.SecurityContextHolderFilter@27ccf818, org.springframework.security.web.header.HeaderWriterFilter@3e49adfa, org.springframework.web.filter.CorsFilter@1ec8afc4, org.springframework.security.web.authentication.logout.LogoutFilter@5af08232, com.aman.socialMedia.Security.JwtAuthenticationFilter@16279a5d, org.springframework.security.web.savedrequest.RequestCacheAwareFilter@30ee413a, org.springframework.security.web.servletapi.SecurityContextHolderAwareRequestFilter@7405e77f, org.springframework.security.web.authentication.AnonymousAuthenticationFilter@7cc8fd4b, org.springframework.security.web.session.SessionManagementFilter@69497a36, org.springframework.security.web.access.ExceptionTranslationFilter@4eef8498, org.springframework.security.web.access.intercept.AuthorizationFilter@3b26afbc]
2024-07-18T23:03:41.298+05:30  INFO 7844 --- [socialMedia] [           main] c.a.s.SocialMediaApplicationTests        : Started SocialMediaApplicationTests in 14.236 seconds (process running for 16.783)
$2a$10$CUFJNc6oqwWANRJjjP206e/NpEw05nbBMa53h317d311rbm0TM.x6
Hibernate: select r1_0.role_id,r1_0.role_name,u1_0.role_id,u1_1.id,u1_1.age,u1_1.email,u1_1.username,u1_1.password from roles r1_0 left join user_role u1_0 on r1_0.role_id=u1_0.role_id left join users u1_1 on u1_1.id=u1_0.user_id where r1_0.role_id=?
Hibernate: select r1_0.user_id,r1_1.role_id,r1_1.role_name from user_role r1_0 join roles r1_1 on r1_1.role_id=r1_0.role_id where r1_0.user_id=?
Hibernate: select p1_0.user_id,p1_0.post_id,p1_0.post_content,p1_0.image_url,p1_0.post_date from posts p1_0 where p1_0.user_id=?
Hibernate: select c1_0.user_id,c1_0.comment_id,c1_0.content,p1_0.post_id,p1_0.post_content,p1_0.image_url,p1_0.post_date,u1_0.id,u1_0.age,u1_0.email,u1_0.username,u1_0.password from comments c1_0 left join posts p1_0 on p1_0.post_id=c1_0.post_id left join users u1_0 on u1_0.id=p1_0.user_id where c1_0.user_id=?
Hibernate: select r1_0.user_id,r1_1.role_id,r1_1.role_name from user_role r1_0 join roles r1_1 on r1_1.role_id=r1_0.role_id where r1_0.user_id=?
Hibernate: select r1_0.role_id,r1_0.role_name,u1_0.role_id,u1_1.id,u1_1.age,u1_1.email,u1_1.username,u1_1.password from roles r1_0 left join user_role u1_0 on r1_0.role_id=u1_0.role_id left join users u1_1 on u1_1.id=u1_0.user_id where r1_0.role_id=?
Hibernate: select r1_0.user_id,r1_1.role_id,r1_1.role_name from user_role r1_0 join roles r1_1 on r1_1.role_id=r1_0.role_id where r1_0.user_id=?
Hibernate: select p1_0.user_id,p1_0.post_id,p1_0.post_content,p1_0.image_url,p1_0.post_date from posts p1_0 where p1_0.user_id=?
Hibernate: select c1_0.user_id,c1_0.comment_id,c1_0.content,p1_0.post_id,p1_0.post_content,p1_0.image_url,p1_0.post_date,u1_0.id,u1_0.age,u1_0.email,u1_0.username,u1_0.password from comments c1_0 left join posts p1_0 on p1_0.post_id=c1_0.post_id left join users u1_0 on u1_0.id=p1_0.user_id where c1_0.user_id=?
Hibernate: select r1_0.user_id,r1_1.role_id,r1_1.role_name from user_role r1_0 join roles r1_1 on r1_1.role_id=r1_0.role_id where r1_0.user_id=?
Hibernate: select p1_0.user_id,p1_0.post_id,p1_0.post_content,p1_0.image_url,p1_0.post_date from posts p1_0 where p1_0.user_id=?
Hibernate: select c1_0.user_id,c1_0.comment_id,c1_0.content,p1_0.post_id,p1_0.post_content,p1_0.image_url,p1_0.post_date,u1_0.id,u1_0.age,u1_0.email,u1_0.username,u1_0.password from comments c1_0 left join posts p1_0 on p1_0.post_id=c1_0.post_id left join users u1_0 on u1_0.id=p1_0.user_id where c1_0.user_id=?
Hibernate: select r1_0.user_id,r1_1.role_id,r1_1.role_name from user_role r1_0 join roles r1_1 on r1_1.role_id=r1_0.role_id where r1_0.user_id=?
Hibernate: select p1_0.user_id,p1_0.post_id,p1_0.post_content,p1_0.image_url,p1_0.post_date from posts p1_0 where p1_0.user_id=?
Hibernate: select c1_0.user_id,c1_0.comment_id,c1_0.content,p1_0.post_id,p1_0.post_content,p1_0.image_url,p1_0.post_date,u1_0.id,u1_0.age,u1_0.email,u1_0.username,u1_0.password from comments c1_0 left join posts p1_0 on p1_0.post_id=c1_0.post_id left join users u1_0 on u1_0.id=p1_0.user_id where c1_0.user_id=?
Hibernate: select r1_0.user_id,r1_1.role_id,r1_1.role_name from user_role r1_0 join roles r1_1 on r1_1.role_id=r1_0.role_id where r1_0.user_id=?
Hibernate: select p1_0.user_id,p1_0.post_id,p1_0.post_content,p1_0.image_url,p1_0.post_date from posts p1_0 where p1_0.user_id=?
Hibernate: select c1_0.user_id,c1_0.comment_id,c1_0.content,p1_0.post_id,p1_0.post_content,p1_0.image_url,p1_0.post_date,u1_0.id,u1_0.age,u1_0.email,u1_0.username,u1_0.password from comments c1_0 left join posts p1_0 on p1_0.post_id=c1_0.post_id left join users u1_0 on u1_0.id=p1_0.user_id where c1_0.user_id=?
Hibernate: select r1_0.user_id,r1_1.role_id,r1_1.role_name from user_role r1_0 join roles r1_1 on r1_1.role_id=r1_0.role_id where r1_0.user_id=?
Hibernate: select p1_0.user_id,p1_0.post_id,p1_0.post_content,p1_0.image_url,p1_0.post_date from posts p1_0 where p1_0.user_id=?
Hibernate: select c1_0.user_id,c1_0.comment_id,c1_0.content,p1_0.post_id,p1_0.post_content,p1_0.image_url,p1_0.post_date,u1_0.id,u1_0.age,u1_0.email,u1_0.username,u1_0.password from comments c1_0 left join posts p1_0 on p1_0.post_id=c1_0.post_id left join users u1_0 on u1_0.id=p1_0.user_id where c1_0.user_id=?
ADMIN_USER200
NORMAL_USER100
]]></system-out>
  </testcase>
</testsuite>